<?xml version="1.0" encoding="UTF-8"?>
<!-- Generated by org.testng.reporters.JUnitReportReporter -->
<testsuite hostname="LAPTOP-UN0G5FL5" failures="0" tests="1" name="seleniumjenkins.SeleniumTest1" time="12.281" errors="0" timestamp="2023-10-12T19:01:14 IST" skipped="0">
  <testcase classname="seleniumjenkins.SeleniumTest1" name="method1" time="12.281"/>
  <system-out/>
</testsuite> <!-- seleniumjenkins.SeleniumTest1 -->
