<?xml version="1.0" encoding="UTF-8"?>
<!-- Generated by org.testng.reporters.JUnitReportReporter -->
<testsuite hostname="LAPTOP-UN0G5FL5" failures="0" tests="1" name="seleniumjenkins.SeleniumTest1" time="10.645" errors="0" timestamp="2023-10-11T22:52:28 IST" skipped="0">
  <testcase classname="seleniumjenkins.SeleniumTest1" name="method1" time="10.645"/>
  <system-out/>
</testsuite> <!-- seleniumjenkins.SeleniumTest1 -->
